0 info it worked if it ends with ok
1 verbose cli [ '/usr/bin/node', '/usr/bin/npm', 'install', 'standard' ]
2 info using npm@1.4.28
3 info using node@v0.10.33
4 verbose node symlink /usr/bin/node
5 warn package.json refresh_website@0.0.1 No README data
6 verbose readDependencies using package.json deps
7 verbose cache add [ 'standard', null ]
8 verbose cache add name=undefined spec="standard" args=["standard",null]
9 verbose parsed url { protocol: null,
9 verbose parsed url   slashes: null,
9 verbose parsed url   auth: null,
9 verbose parsed url   host: null,
9 verbose parsed url   port: null,
9 verbose parsed url   hostname: null,
9 verbose parsed url   hash: null,
9 verbose parsed url   search: null,
9 verbose parsed url   query: null,
9 verbose parsed url   pathname: 'standard',
9 verbose parsed url   path: 'standard',
9 verbose parsed url   href: 'standard' }
10 silly lockFile f410e046-standard standard
11 verbose lock standard /home/pguth/.npm/f410e046-standard.lock
12 silly lockFile f410e046-standard standard
13 silly lockFile f410e046-standard standard
14 verbose addNamed [ 'standard', '' ]
15 verbose addNamed [ null, '*' ]
16 silly lockFile 47aebb9b-standard standard@
17 verbose lock standard@ /home/pguth/.npm/47aebb9b-standard.lock
18 silly addNameRange { name: 'standard', range: '*', hasData: false }
19 verbose request where is /standard
20 verbose request registry https://registry.npmjs.org/
21 verbose request id 357270926b289af1
22 verbose url raw /standard
23 verbose url resolving [ 'https://registry.npmjs.org/', './standard' ]
24 verbose url resolved https://registry.npmjs.org/standard
25 verbose request where is https://registry.npmjs.org/standard
26 info trying registry request attempt 1 at 00:32:29
27 http GET https://registry.npmjs.org/standard
28 info retry will retry, error on last attempt: Error: getaddrinfo ENOTFOUND
29 info trying registry request attempt 2 at 00:32:55
30 http GET https://registry.npmjs.org/standard
31 info retry will retry, error on last attempt: Error: getaddrinfo ENOTFOUND
32 info trying registry request attempt 3 at 00:34:05
33 http GET https://registry.npmjs.org/standard
34 silly lockFile 47aebb9b-standard standard@
35 silly lockFile 47aebb9b-standard standard@
36 error network getaddrinfo ENOTFOUND
36 error network This is most likely not a problem with npm itself
36 error network and is related to network connectivity.
36 error network In most cases you are behind a proxy or have bad network settings.
36 error network
36 error network If you are behind a proxy, please make sure that the
36 error network 'proxy' config is set properly.  See: 'npm help config'
37 error System Linux 3.16.0-31-generic
38 error command "/usr/bin/node" "/usr/bin/npm" "install" "standard"
39 error cwd /home/pguth/Work/refresh_website
40 error node -v v0.10.33
41 error npm -v 1.4.28
42 error syscall getaddrinfo
43 error code ENOTFOUND
44 error errno ENOTFOUND
45 verbose exit [ 1, true ]
